<?xml version="1.0" encoding="UTF-8"?>
<testsuite xmlns:xsi="http://www.w3.org/2001/XMLSchema-instance" xsi:noNamespaceSchemaLocation="https://maven.apache.org/surefire/maven-surefire-plugin/xsd/surefire-test-report-3.0.xsd" version="3.0" name="com.panda.gridtrading.service.StrategyServiceTest" time="0.982" tests="4" errors="0" skipped="0" failures="0">
  <properties>
[...]
</properties>
  <testcase name="executeTick_shouldThrowWhenQuantityMissing" classname="com.panda.gridtrading.service.StrategyServiceTest" time="0.926"/>
  <testcase name="executeTick_shouldAutoMatchGridWhenGridLineIdIsNull" classname="com.panda.gridtrading.service.StrategyServiceTest" time="0.027"/>
  <testcase name="executeTick_shouldNotThrowWhenAutoMatchModeAllFieldsProvided" classname="com.panda.gridtrading.service.StrategyServiceTest" time="0.002"/>
  <testcase name="executeTick_shouldNotThrowWhenAllManualModeFieldsProvided" classname="com.panda.gridtrading.service.StrategyServiceTest" time="0.002"/>
</testsuite>